#-----------------------------------------------------------
# Vivado v2020.1 (64-bit)
# SW Build 2902540 on Wed May 27 19:54:35 MDT 2020
# IP Build 2902112 on Wed May 27 22:43:36 MDT 2020
# Start of session at: Thu Nov  5 09:44:51 2020
# Process ID: 25296
# Current directory: /home/amellat/cgra-ilp/cgra-ilp/vivado_comparison/int_approx1
# Command line: vivado
# Log file: /home/amellat/cgra-ilp/cgra-ilp/vivado_comparison/int_approx1/vivado.log
# Journal file: /home/amellat/cgra-ilp/cgra-ilp/vivado_comparison/int_approx1/vivado.jou
#-----------------------------------------------------------
start_gui
open_project /home/amellat/cgra-ilp/cgra-ilp/vivado_comparison/int_dct/results/int_dct_27_756_700/solution1/impl/verilog/project.xpr
Scanning sources...
Finished scanning sources
INFO: [IP_Flow 19-234] Refreshing IP repositories
INFO: [IP_Flow 19-1700] Loaded user IP repository '/home/amellat/cgra-ilp/cgra-ilp/vivado_comparison/int_dct/results/int_dct_27_756_700/solution1/impl/ip'.
INFO: [IP_Flow 19-2313] Loaded Vivado IP repository '/opt/Xilinx/Vivado/2020.1/data/ip'.
WARNING: [IP_Flow 19-3899] Cannot get the environment domain name variable for the component vendor name. Setting the vendor name to 'user.org'.
open_project: Time (s): cpu = 00:00:21 ; elapsed = 00:00:08 . Memory (MB): peak = 7195.820 ; gain = 32.031 ; free physical = 92833 ; free virtual = 173768
update_compile_order -fileset sources_1
open_run impl_1
INFO: [Device 21-403] Loading part xcu280-fsvh2892-2L-e
Netlist sorting complete. Time (s): cpu = 00:00:00.95 ; elapsed = 00:00:00.93 . Memory (MB): peak = 8250.516 ; gain = 0.000 ; free physical = 82614 ; free virtual = 163665
INFO: [Netlist 29-17] Analyzing 2615 Unisim elements for replacement
INFO: [Netlist 29-28] Unisim Transformation completed in 6 CPU seconds
INFO: [Project 1-479] Netlist was created with Vivado 2020.1
INFO: [Project 1-570] Preparing netlist for logic optimization
INFO: [Timing 38-478] Restoring timing data from binary archive.
INFO: [Timing 38-479] Binary timing data restore complete.
INFO: [Project 1-856] Restoring constraints from binary archive.
INFO: [Project 1-853] Binary constraint restore complete.
Reading XDEF placement.
Reading placer database...
Reading XDEF routing.
Read XDEF File: Time (s): cpu = 00:00:09 ; elapsed = 00:00:08 . Memory (MB): peak = 9840.617 ; gain = 217.301 ; free physical = 80617 ; free virtual = 161669
Restored from archive | CPU: 9.000000 secs | Memory: 175.927025 MB |
Finished XDEF File Restore: Time (s): cpu = 00:00:09 ; elapsed = 00:00:08 . Memory (MB): peak = 9840.617 ; gain = 217.301 ; free physical = 80617 ; free virtual = 161669
Netlist sorting complete. Time (s): cpu = 00:00:00.01 ; elapsed = 00:00:00 . Memory (MB): peak = 9840.617 ; gain = 0.000 ; free physical = 80558 ; free virtual = 161609
INFO: [Project 1-111] Unisim Transformation Summary:
  A total of 891 instances were transformed.
  DSP48E2 => DSP48E2 (DSP_ALU, DSP_A_B_DATA, DSP_C_DATA, DSP_MULTIPLIER, DSP_M_DATA, DSP_OUTPUT, DSP_PREADD, DSP_PREADD_DATA): 891 instances

open_run: Time (s): cpu = 00:01:41 ; elapsed = 00:01:25 . Memory (MB): peak = 10262.723 ; gain = 2955.848 ; free physical = 80036 ; free virtual = 161089
open_report: Time (s): cpu = 00:00:31 ; elapsed = 00:00:05 . Memory (MB): peak = 10839.074 ; gain = 555.555 ; free physical = 79219 ; free virtual = 160272
CRITICAL WARNING: [Timing 38-282] The design failed to meet the timing requirements. Please see the timing summary report for details on the timing violations.
report_timing_summary -delay_type min_max -report_unconstrained -check_timing_verbose -max_paths 10 -input_pins -routable_nets -name timing_1
INFO: [Timing 38-91] UpdateTimingParams: Speed grade: -2L, Temperature grade: E, Delay Type: min_max.
INFO: [Timing 38-191] Multithreading enabled for timing update using a maximum of 8 CPUs
WARNING: [Timing 38-242] The property HD.CLK_SRC of clock port "ap_clk" is not set. In out-of-context mode, this prevents timing estimation for clock delay/skew
Resolution: Set the HD.CLK_SRC property of the out-of-context port to the location of the clock buffer instance in the top-level design
report_timing_summary: Time (s): cpu = 00:01:50 ; elapsed = 00:00:50 . Memory (MB): peak = 12074.836 ; gain = 717.160 ; free physical = 77671 ; free virtual = 158723
exit
INFO: [Common 17-206] Exiting Vivado at Thu Nov  5 10:04:38 2020...
